Started GET "/" for ::1 at 2021-01-31 01:23:38 -0500
  [1m[35m (25.5ms)[0m  [1m[34mSELECT sqlite_version(*)[0m
Processing by HomepageController#index as HTML
  Rendering homepage/index.html within layouts/application
  Rendered homepage/index.html within layouts/application (Duration: 2.9ms | Allocations: 224)
Completed 200 OK in 1109ms (Views: 989.6ms | ActiveRecord: 0.0ms | Allocations: 91910)


Started GET "/tasks" for ::1 at 2021-01-31 01:23:40 -0500
Processing by HomepageController#index as JSON
  Parameters: {"path"=>"tasks"}
  Rendering homepage/index.html
  Rendered homepage/index.html (Duration: 0.3ms | Allocations: 9)
Completed 200 OK in 6ms (Views: 4.2ms | ActiveRecord: 0.0ms | Allocations: 946)


Started GET "/" for ::1 at 2021-01-31 23:36:01 -0500
  [1m[35m (3.7ms)[0m  [1m[34mSELECT sqlite_version(*)[0m
Processing by HomepageController#index as HTML
  Rendering homepage/index.html within layouts/application
  Rendered homepage/index.html within layouts/application (Duration: 2.6ms | Allocations: 224)
Completed 200 OK in 129ms (Views: 118.1ms | ActiveRecord: 0.0ms | Allocations: 15337)


Started GET "/tasks" for ::1 at 2021-01-31 23:36:02 -0500
Processing by HomepageController#index as JSON
  Parameters: {"path"=>"tasks"}
  Rendering homepage/index.html
  Rendered homepage/index.html (Duration: 0.1ms | Allocations: 9)
Completed 200 OK in 4ms (Views: 2.3ms | ActiveRecord: 0.0ms | Allocations: 950)


  [1m[35m (1.9ms)[0m  [1m[34mSELECT sqlite_version(*)[0m
  [1m[35m (3.4ms)[0m  [1m[35mCREATE TABLE "schema_migrations" ("version" varchar NOT NULL PRIMARY KEY)[0m
  [1m[35m (5.2ms)[0m  [1m[35mCREATE TABLE "ar_internal_metadata" ("key" varchar NOT NULL PRIMARY KEY, "value" varchar, "created_at" datetime(6) NOT NULL, "updated_at" datetime(6) NOT NULL)[0m
  [1m[35m (0.2ms)[0m  [1m[34mSELECT "schema_migrations"."version" FROM "schema_migrations" ORDER BY "schema_migrations"."version" ASC[0m
Migrating to CreateTasks (20210201045012)
  [1m[35m (0.1ms)[0m  [1m[36mbegin transaction[0m
  [1m[35m (0.5ms)[0m  [1m[35mCREATE TABLE "tasks" ("id" integer PRIMARY KEY AUTOINCREMENT NOT NULL, "created_at" datetime(6) NOT NULL, "updated_at" datetime(6) NOT NULL)[0m
  [1m[36mprimary::SchemaMigration Create (0.2ms)[0m  [1m[32mINSERT INTO "schema_migrations" ("version") VALUES (?)[0m  [["version", "20210201045012"]]
  [1m[35m (3.0ms)[0m  [1m[36mcommit transaction[0m
  [1m[36mActiveRecord::InternalMetadata Load (0.2ms)[0m  [1m[34mSELECT "ar_internal_metadata".* FROM "ar_internal_metadata" WHERE "ar_internal_metadata"."key" = ? LIMIT ?[0m  [["key", "environment"], ["LIMIT", 1]]
  [1m[35m (0.0ms)[0m  [1m[36mbegin transaction[0m
  [1m[36mActiveRecord::InternalMetadata Create (0.5ms)[0m  [1m[32mINSERT INTO "ar_internal_metadata" ("key", "value", "created_at", "updated_at") VALUES (?, ?, ?, ?)[0m  [["key", "environment"], ["value", "development"], ["created_at", "2021-02-01 04:52:54.930377"], ["updated_at", "2021-02-01 04:52:54.930377"]]
  [1m[35m (1.3ms)[0m  [1m[36mcommit transaction[0m
  [1m[35m (0.1ms)[0m  [1m[34mSELECT sqlite_version(*)[0m
  [1m[35m (0.2ms)[0m  [1m[34mSELECT "schema_migrations"."version" FROM "schema_migrations" ORDER BY "schema_migrations"."version" ASC[0m
  [1m[35m (2.4ms)[0m  [1m[34mSELECT sqlite_version(*)[0m
  [1m[35m (0.6ms)[0m  [1m[34mSELECT "schema_migrations"."version" FROM "schema_migrations" ORDER BY "schema_migrations"."version" ASC[0m
Migrating to AddAttributesToTasks (20210201045435)
  [1m[35m (0.1ms)[0m  [1m[36mbegin transaction[0m
  [1m[35m (0.9ms)[0m  [1m[35mALTER TABLE "tasks" ADD "content" varchar[0m
  [1m[35m (0.2ms)[0m  [1m[35mALTER TABLE "tasks" ADD "completed" boolean DEFAULT 0[0m
  [1m[36mprimary::SchemaMigration Create (0.7ms)[0m  [1m[32mINSERT INTO "schema_migrations" ("version") VALUES (?)[0m  [["version", "20210201045435"]]
  [1m[35m (2.4ms)[0m  [1m[36mcommit transaction[0m
  [1m[36mActiveRecord::InternalMetadata Load (0.8ms)[0m  [1m[34mSELECT "ar_internal_metadata".* FROM "ar_internal_metadata" WHERE "ar_internal_metadata"."key" = ? LIMIT ?[0m  [["key", "environment"], ["LIMIT", 1]]
  [1m[35m (0.1ms)[0m  [1m[34mSELECT sqlite_version(*)[0m
  [1m[35m (0.1ms)[0m  [1m[34mSELECT "schema_migrations"."version" FROM "schema_migrations" ORDER BY "schema_migrations"."version" ASC[0m
Started GET "/" for ::1 at 2021-02-01 00:07:41 -0500
  [1m[35m (2.4ms)[0m  [1m[34mSELECT sqlite_version(*)[0m
  [1m[35m (0.7ms)[0m  [1m[34mSELECT "schema_migrations"."version" FROM "schema_migrations" ORDER BY "schema_migrations"."version" ASC[0m
Processing by HomepageController#index as HTML
  Rendering homepage/index.html within layouts/application
  Rendered homepage/index.html within layouts/application (Duration: 2.1ms | Allocations: 224)
Completed 200 OK in 77ms (Views: 65.6ms | ActiveRecord: 0.0ms | Allocations: 14107)


Started GET "/tasks" for ::1 at 2021-02-01 00:07:41 -0500
Processing by TasksController#index as JSON
  Rendering tasks/index.jbuilder
  [1m[36mTask Load (0.5ms)[0m  [1m[34mSELECT "tasks".* FROM "tasks"[0m
  Rendered tasks/index.jbuilder (Duration: 3.1ms | Allocations: 630)
Completed 200 OK in 10ms (Views: 5.4ms | ActiveRecord: 0.8ms | Allocations: 2191)


Started POST "/tasks" for ::1 at 2021-02-01 00:07:45 -0500
Processing by TasksController#create as JSON
  Parameters: {"task"=>{"content"=>"task1"}}
Completed 500 Internal Server Error in 123ms (ActiveRecord: 0.0ms | Allocations: 65197)


  
NameError (undefined local variable or method `task_params' for #<TasksController:0x00007fb77823b798>
Did you mean?  tasks_path):
  
app/controllers/tasks_controller.rb:9:in `create'
Started POST "/tasks" for ::1 at 2021-02-01 00:07:50 -0500
Processing by TasksController#create as JSON
  Parameters: {"task"=>{"content"=>"asd"}}
Completed 500 Internal Server Error in 114ms (ActiveRecord: 0.0ms | Allocations: 65252)


  
NameError (undefined local variable or method `task_params' for #<TasksController:0x00007fb77d060fe0>
Did you mean?  tasks_path):
  
app/controllers/tasks_controller.rb:9:in `create'
Started POST "/tasks" for ::1 at 2021-02-01 00:07:51 -0500
Processing by TasksController#create as JSON
  Parameters: {"task"=>{"content"=>"asd"}}
Completed 500 Internal Server Error in 112ms (ActiveRecord: 0.0ms | Allocations: 65158)


  
NameError (undefined local variable or method `task_params' for #<TasksController:0x00007fb777ec4290>
Did you mean?  tasks_path):
  
app/controllers/tasks_controller.rb:9:in `create'
Started GET "/" for ::1 at 2021-02-01 00:08:13 -0500
Processing by HomepageController#index as HTML
  Rendering homepage/index.html within layouts/application
  Rendered homepage/index.html within layouts/application (Duration: 0.1ms | Allocations: 9)
Completed 200 OK in 32ms (Views: 30.6ms | ActiveRecord: 0.0ms | Allocations: 5911)


Started GET "/tasks" for ::1 at 2021-02-01 00:08:14 -0500
Processing by TasksController#index as JSON
  Rendering tasks/index.jbuilder
  [1m[36mTask Load (0.3ms)[0m  [1m[34mSELECT "tasks".* FROM "tasks"[0m
  Rendered tasks/index.jbuilder (Duration: 1.2ms | Allocations: 131)
Completed 200 OK in 4ms (Views: 2.1ms | ActiveRecord: 0.3ms | Allocations: 643)


Started POST "/tasks" for ::1 at 2021-02-01 00:08:17 -0500
Processing by TasksController#create as JSON
  Parameters: {"task"=>{"content"=>"todo"}}
Completed 500 Internal Server Error in 101ms (ActiveRecord: 0.0ms | Allocations: 65545)


  
NameError (undefined local variable or method `task_params' for #<TasksController:0x00007fb77d01bdc8>
Did you mean?  tasks_path):
  
app/controllers/tasks_controller.rb:9:in `create'
Started GET "/" for ::1 at 2021-02-01 00:08:17 -0500
  [1m[35m (0.1ms)[0m  [1m[34mSELECT sqlite_version(*)[0m
Processing by HomepageController#index as HTML
  Rendering homepage/index.html within layouts/application
  Rendered homepage/index.html within layouts/application (Duration: 0.1ms | Allocations: 8)
Completed 200 OK in 19ms (Views: 18.2ms | ActiveRecord: 0.0ms | Allocations: 11659)


Started GET "/tasks" for ::1 at 2021-02-01 00:08:17 -0500
Processing by TasksController#index as JSON
  Rendering tasks/index.jbuilder
  [1m[36mTask Load (0.7ms)[0m  [1m[34mSELECT "tasks".* FROM "tasks"[0m
  Rendered tasks/index.jbuilder (Duration: 2.5ms | Allocations: 223)
Completed 200 OK in 5ms (Views: 3.1ms | ActiveRecord: 0.7ms | Allocations: 765)


Started POST "/tasks" for ::1 at 2021-02-01 00:08:19 -0500
Processing by TasksController#create as JSON
  Parameters: {"task"=>{"content"=>"asda"}}
Completed 500 Internal Server Error in 105ms (ActiveRecord: 0.0ms | Allocations: 65151)


  
NameError (undefined local variable or method `task_params' for #<TasksController:0x00007fb77d0b5400>
Did you mean?  tasks_path):
  
app/controllers/tasks_controller.rb:9:in `create'
Started GET "/" for ::1 at 2021-02-01 00:08:22 -0500
Processing by HomepageController#index as HTML
  Rendering homepage/index.html within layouts/application
  Rendered homepage/index.html within layouts/application (Duration: 0.1ms | Allocations: 8)
Completed 200 OK in 12ms (Views: 10.8ms | ActiveRecord: 0.0ms | Allocations: 5898)


Started GET "/tasks" for ::1 at 2021-02-01 00:08:22 -0500
Processing by TasksController#index as JSON
  Rendering tasks/index.jbuilder
  [1m[36mTask Load (0.3ms)[0m  [1m[34mSELECT "tasks".* FROM "tasks"[0m
  Rendered tasks/index.jbuilder (Duration: 1.5ms | Allocations: 139)
Completed 200 OK in 4ms (Views: 2.3ms | ActiveRecord: 0.3ms | Allocations: 662)


Started POST "/tasks" for ::1 at 2021-02-01 00:08:25 -0500
Processing by TasksController#create as JSON
  Parameters: {"task"=>{"content"=>"hello"}}
Completed 500 Internal Server Error in 116ms (ActiveRecord: 0.0ms | Allocations: 65153)


  
NameError (undefined local variable or method `task_params' for #<TasksController:0x00007fb7763ed5c0>
Did you mean?  tasks_path):
  
app/controllers/tasks_controller.rb:9:in `create'
Started GET "/" for ::1 at 2021-02-01 00:08:26 -0500
Processing by HomepageController#index as HTML
  Rendering homepage/index.html within layouts/application
  Rendered homepage/index.html within layouts/application (Duration: 0.1ms | Allocations: 8)
Completed 200 OK in 12ms (Views: 11.2ms | ActiveRecord: 0.0ms | Allocations: 5898)


Started GET "/tasks" for ::1 at 2021-02-01 00:08:26 -0500
Processing by TasksController#index as JSON
  Rendering tasks/index.jbuilder
  [1m[36mTask Load (0.3ms)[0m  [1m[34mSELECT "tasks".* FROM "tasks"[0m
  Rendered tasks/index.jbuilder (Duration: 2.7ms | Allocations: 195)
Completed 200 OK in 5ms (Views: 4.1ms | ActiveRecord: 0.3ms | Allocations: 701)


Started GET "/" for ::1 at 2021-02-01 00:10:22 -0500
  [1m[35m (0.2ms)[0m  [1m[34mSELECT sqlite_version(*)[0m
Processing by HomepageController#index as HTML
  Rendering homepage/index.html within layouts/application
  Rendered homepage/index.html within layouts/application (Duration: 0.1ms | Allocations: 8)
Completed 200 OK in 20ms (Views: 18.2ms | ActiveRecord: 0.0ms | Allocations: 6109)


Started GET "/tasks" for ::1 at 2021-02-01 00:10:22 -0500
Processing by TasksController#index as JSON
  Rendering tasks/index.jbuilder
  [1m[36mTask Load (0.7ms)[0m  [1m[34mSELECT "tasks".* FROM "tasks"[0m
  Rendered tasks/index.jbuilder (Duration: 3.6ms | Allocations: 611)
Completed 200 OK in 11ms (Views: 3.9ms | ActiveRecord: 1.4ms | Allocations: 1690)


Started POST "/tasks" for ::1 at 2021-02-01 00:10:26 -0500
Processing by TasksController#create as JSON
  Parameters: {"task"=>{"content"=>"hello"}}
  [1m[35m (0.1ms)[0m  [1m[36mbegin transaction[0m
  [1m[36mTask Create (9.2ms)[0m  [1m[32mINSERT INTO "tasks" ("created_at", "updated_at", "content") VALUES (?, ?, ?)[0m  [["created_at", "2021-02-01 05:10:26.921389"], ["updated_at", "2021-02-01 05:10:26.921389"], ["content", "hello"]]
  [1m[35m (1.6ms)[0m  [1m[36mcommit transaction[0m
  Rendering tasks/create.jbuilder
  Rendered tasks/create.jbuilder (Duration: 1.3ms | Allocations: 171)
Completed 200 OK in 23ms (Views: 3.1ms | ActiveRecord: 11.5ms | Allocations: 4190)


Started POST "/tasks" for ::1 at 2021-02-01 00:10:28 -0500
Processing by TasksController#create as JSON
  Parameters: {"task"=>{"content"=>"task"}}
  [1m[35m (0.1ms)[0m  [1m[36mbegin transaction[0m
  [1m[36mTask Create (0.6ms)[0m  [1m[32mINSERT INTO "tasks" ("created_at", "updated_at", "content") VALUES (?, ?, ?)[0m  [["created_at", "2021-02-01 05:10:28.253386"], ["updated_at", "2021-02-01 05:10:28.253386"], ["content", "task"]]
  [1m[35m (1.0ms)[0m  [1m[36mcommit transaction[0m
  Rendering tasks/create.jbuilder
  Rendered tasks/create.jbuilder (Duration: 0.2ms | Allocations: 99)
Completed 200 OK in 5ms (Views: 0.8ms | ActiveRecord: 1.7ms | Allocations: 1065)


Started POST "/tasks" for ::1 at 2021-02-01 00:10:30 -0500
Processing by TasksController#create as JSON
  Parameters: {"task"=>{"content"=>"taske 2"}}
  [1m[35m (0.1ms)[0m  [1m[36mbegin transaction[0m
  [1m[36mTask Create (0.5ms)[0m  [1m[32mINSERT INTO "tasks" ("created_at", "updated_at", "content") VALUES (?, ?, ?)[0m  [["created_at", "2021-02-01 05:10:30.297818"], ["updated_at", "2021-02-01 05:10:30.297818"], ["content", "taske 2"]]
  [1m[35m (1.4ms)[0m  [1m[36mcommit transaction[0m
  Rendering tasks/create.jbuilder
  Rendered tasks/create.jbuilder (Duration: 0.3ms | Allocations: 99)
Completed 200 OK in 5ms (Views: 1.1ms | ActiveRecord: 2.0ms | Allocations: 1044)


Started GET "/" for ::1 at 2021-02-01 18:39:19 -0500
  [1m[35m (2.6ms)[0m  [1m[34mSELECT sqlite_version(*)[0m
  [1m[35m (0.6ms)[0m  [1m[34mSELECT "schema_migrations"."version" FROM "schema_migrations" ORDER BY "schema_migrations"."version" ASC[0m
Processing by HomepageController#index as HTML
  Rendering homepage/index.html within layouts/application
  Rendered homepage/index.html within layouts/application (Duration: 1.8ms | Allocations: 224)
Completed 200 OK in 68ms (Views: 60.3ms | ActiveRecord: 0.0ms | Allocations: 14113)


Started GET "/tasks" for ::1 at 2021-02-01 18:39:19 -0500
Processing by TasksController#index as JSON
  Rendering tasks/index.jbuilder
  [1m[36mTask Load (0.5ms)[0m  [1m[34mSELECT "tasks".* FROM "tasks"[0m
  Rendered tasks/index.jbuilder (Duration: 11.2ms | Allocations: 3618)
Completed 200 OK in 17ms (Views: 12.5ms | ActiveRecord: 1.2ms | Allocations: 5167)


Started DELETE "/tasks/1" for ::1 at 2021-02-01 18:39:21 -0500
Processing by TasksController#destroy as JSON
  Parameters: {"id"=>"1"}
  [1m[36mTask Load (0.3ms)[0m  [1m[34mSELECT "tasks".* FROM "tasks" WHERE "tasks"."id" = ? LIMIT ?[0m  [["id", 1], ["LIMIT", 1]]
  [1m[35m (0.1ms)[0m  [1m[36mbegin transaction[0m
  [1m[36mTask Destroy (0.6ms)[0m  [1m[31mDELETE FROM "tasks" WHERE "tasks"."id" = ?[0m  [["id", 1]]
  [1m[35m (1.2ms)[0m  [1m[36mcommit transaction[0m
Completed 200 OK in 8ms (Views: 0.2ms | ActiveRecord: 2.2ms | Allocations: 1288)


Started DELETE "/tasks/2" for ::1 at 2021-02-01 18:39:22 -0500
Processing by TasksController#destroy as JSON
  Parameters: {"id"=>"2"}
  [1m[36mTask Load (0.2ms)[0m  [1m[34mSELECT "tasks".* FROM "tasks" WHERE "tasks"."id" = ? LIMIT ?[0m  [["id", 2], ["LIMIT", 1]]
  [1m[35m (0.1ms)[0m  [1m[36mbegin transaction[0m
  [1m[36mTask Destroy (0.6ms)[0m  [1m[31mDELETE FROM "tasks" WHERE "tasks"."id" = ?[0m  [["id", 2]]
  [1m[35m (9.6ms)[0m  [1m[36mcommit transaction[0m
Completed 200 OK in 13ms (Views: 0.4ms | ActiveRecord: 10.4ms | Allocations: 688)


Started DELETE "/tasks/3" for ::1 at 2021-02-01 18:39:22 -0500
Processing by TasksController#destroy as JSON
  Parameters: {"id"=>"3"}
  [1m[36mTask Load (0.5ms)[0m  [1m[34mSELECT "tasks".* FROM "tasks" WHERE "tasks"."id" = ? LIMIT ?[0m  [["id", 3], ["LIMIT", 1]]
  [1m[35m (0.1ms)[0m  [1m[36mbegin transaction[0m
  [1m[36mTask Destroy (1.7ms)[0m  [1m[31mDELETE FROM "tasks" WHERE "tasks"."id" = ?[0m  [["id", 3]]
  [1m[35m (8.8ms)[0m  [1m[36mcommit transaction[0m
Completed 200 OK in 15ms (Views: 0.4ms | ActiveRecord: 11.1ms | Allocations: 700)


Started POST "/tasks" for ::1 at 2021-02-01 18:45:18 -0500
  [1m[35m (0.2ms)[0m  [1m[34mSELECT sqlite_version(*)[0m
Processing by TasksController#create as JSON
  Parameters: {"task"=>{"content"=>"t1"}}
  [1m[35m (0.2ms)[0m  [1m[36mbegin transaction[0m
  [1m[36mTask Create (0.6ms)[0m  [1m[32mINSERT INTO "tasks" ("created_at", "updated_at", "content") VALUES (?, ?, ?)[0m  [["created_at", "2021-02-01 23:45:18.726419"], ["updated_at", "2021-02-01 23:45:18.726419"], ["content", "t1"]]
  [1m[35m (1.1ms)[0m  [1m[36mcommit transaction[0m
  Rendering tasks/create.jbuilder
  Rendered tasks/create.jbuilder (Duration: 1.6ms | Allocations: 523)
Completed 200 OK in 25ms (Views: 5.6ms | ActiveRecord: 1.8ms | Allocations: 8559)


Started POST "/tasks" for ::1 at 2021-02-01 18:45:20 -0500
Processing by TasksController#create as JSON
  Parameters: {"task"=>{"content"=>"t2"}}
  [1m[35m (0.2ms)[0m  [1m[36mbegin transaction[0m
  [1m[36mTask Create (0.5ms)[0m  [1m[32mINSERT INTO "tasks" ("created_at", "updated_at", "content") VALUES (?, ?, ?)[0m  [["created_at", "2021-02-01 23:45:20.339812"], ["updated_at", "2021-02-01 23:45:20.339812"], ["content", "t2"]]
  [1m[35m (8.3ms)[0m  [1m[36mcommit transaction[0m
  Rendering tasks/create.jbuilder
  Rendered tasks/create.jbuilder (Duration: 0.3ms | Allocations: 99)
Completed 200 OK in 13ms (Views: 1.6ms | ActiveRecord: 9.1ms | Allocations: 1051)


Started POST "/tasks" for ::1 at 2021-02-01 18:45:21 -0500
Processing by TasksController#create as JSON
  Parameters: {"task"=>{"content"=>"t3"}}
  [1m[35m (0.1ms)[0m  [1m[36mbegin transaction[0m
  [1m[36mTask Create (0.4ms)[0m  [1m[32mINSERT INTO "tasks" ("created_at", "updated_at", "content") VALUES (?, ?, ?)[0m  [["created_at", "2021-02-01 23:45:21.508557"], ["updated_at", "2021-02-01 23:45:21.508557"], ["content", "t3"]]
  [1m[35m (9.6ms)[0m  [1m[36mcommit transaction[0m
  Rendering tasks/create.jbuilder
  Rendered tasks/create.jbuilder (Duration: 0.4ms | Allocations: 100)
Completed 200 OK in 14ms (Views: 1.8ms | ActiveRecord: 10.1ms | Allocations: 1072)


Started PUT "/tasks/6/mark_complete" for ::1 at 2021-02-01 18:45:22 -0500
Processing by TasksController#mark_complete as JSON
  Parameters: {"id"=>"6"}
  [1m[36mTask Load (0.3ms)[0m  [1m[34mSELECT "tasks".* FROM "tasks" WHERE "tasks"."id" = ? LIMIT ?[0m  [["id", 6], ["LIMIT", 1]]
  [1m[35m (0.1ms)[0m  [1m[36mbegin transaction[0m
  [1m[36mTask Update (0.4ms)[0m  [1m[33mUPDATE "tasks" SET "completed" = ?, "updated_at" = ? WHERE "tasks"."id" = ?[0m  [["completed", 1], ["updated_at", "2021-02-01 23:45:22.943655"], ["id", 6]]
  [1m[35m (1.2ms)[0m  [1m[36mcommit transaction[0m
  Rendering tasks/mark_complete.jbuilder
  Rendered tasks/mark_complete.jbuilder (Duration: 1.3ms | Allocations: 190)
Completed 200 OK in 9ms (Views: 3.3ms | ActiveRecord: 2.0ms | Allocations: 1552)


Started PUT "/tasks/5/mark_complete" for ::1 at 2021-02-01 18:45:23 -0500
Processing by TasksController#mark_complete as JSON
  Parameters: {"id"=>"5"}
  [1m[36mTask Load (0.2ms)[0m  [1m[34mSELECT "tasks".* FROM "tasks" WHERE "tasks"."id" = ? LIMIT ?[0m  [["id", 5], ["LIMIT", 1]]
  [1m[35m (0.1ms)[0m  [1m[36mbegin transaction[0m
  [1m[36mTask Update (0.6ms)[0m  [1m[33mUPDATE "tasks" SET "completed" = ?, "updated_at" = ? WHERE "tasks"."id" = ?[0m  [["completed", 1], ["updated_at", "2021-02-01 23:45:23.860493"], ["id", 5]]
  [1m[35m (11.5ms)[0m  [1m[36mcommit transaction[0m
  Rendering tasks/mark_complete.jbuilder
  Rendered tasks/mark_complete.jbuilder (Duration: 0.3ms | Allocations: 122)
Completed 200 OK in 17ms (Views: 1.5ms | ActiveRecord: 12.3ms | Allocations: 1286)


Started PUT "/tasks/5/mark_active" for ::1 at 2021-02-01 18:45:24 -0500
Processing by TasksController#mark_active as JSON
  Parameters: {"id"=>"5"}
  [1m[36mTask Load (0.2ms)[0m  [1m[34mSELECT "tasks".* FROM "tasks" WHERE "tasks"."id" = ? LIMIT ?[0m  [["id", 5], ["LIMIT", 1]]
  [1m[35m (0.1ms)[0m  [1m[36mbegin transaction[0m
  [1m[36mTask Update (0.4ms)[0m  [1m[33mUPDATE "tasks" SET "completed" = ?, "updated_at" = ? WHERE "tasks"."id" = ?[0m  [["completed", 0], ["updated_at", "2021-02-01 23:45:24.418127"], ["id", 5]]
  [1m[35m (9.6ms)[0m  [1m[36mcommit transaction[0m
  Rendering tasks/mark_complete.jbuilder
  Rendered tasks/mark_complete.jbuilder (Duration: 0.7ms | Allocations: 121)
Completed 200 OK in 15ms (Views: 2.1ms | ActiveRecord: 10.2ms | Allocations: 1145)


Started PUT "/tasks/6/mark_active" for ::1 at 2021-02-01 18:45:25 -0500
Processing by TasksController#mark_active as JSON
  Parameters: {"id"=>"6"}
  [1m[36mTask Load (1.0ms)[0m  [1m[34mSELECT "tasks".* FROM "tasks" WHERE "tasks"."id" = ? LIMIT ?[0m  [["id", 6], ["LIMIT", 1]]
  [1m[35m (0.3ms)[0m  [1m[36mbegin transaction[0m
  [1m[36mTask Update (1.3ms)[0m  [1m[33mUPDATE "tasks" SET "completed" = ?, "updated_at" = ? WHERE "tasks"."id" = ?[0m  [["completed", 0], ["updated_at", "2021-02-01 23:45:25.139190"], ["id", 6]]
  [1m[35m (10.3ms)[0m  [1m[36mcommit transaction[0m
  Rendering tasks/mark_complete.jbuilder
  Rendered tasks/mark_complete.jbuilder (Duration: 0.4ms | Allocations: 121)
Completed 200 OK in 22ms (Views: 1.3ms | ActiveRecord: 12.8ms | Allocations: 1158)


